  main.cpp
C:\Users\philipkim00\Desktop\어소트락\C++\Project1\main.cpp(19,9): warning C4305: '=': 'int'에서 'unsigned char'(으)로 잘립니다.
C:\Users\philipkim00\Desktop\어소트락\C++\Project1\main.cpp(19,6): warning C4309: '=': 상수 값이 잘립니다.
C:\Users\philipkim00\Desktop\어소트락\C++\Project1\main.cpp(92,19): warning C4305: '초기화 중': 'int'에서 'bool'(으)로 잘립니다.
  논리 연산자.c
C:\Users\philipkim00\Desktop\어소트락\C++\Project1\논리 연산자.c(19,6): warning C4305: '=': 'int'에서 'unsigned char'(으)로 잘립니다.
C:\Users\philipkim00\Desktop\어소트락\C++\Project1\논리 연산자.c(91,7): error C2065: 'bool': 선언되지 않은 식별자입니다.
C:\Users\philipkim00\Desktop\어소트락\C++\Project1\논리 연산자.c(91,7): error C2146: 구문 오류: ';'이(가) 'trueflase' 식별자 앞에 없습니다.
C:\Users\philipkim00\Desktop\어소트락\C++\Project1\논리 연산자.c(91,17): error C2065: 'trueflase': 선언되지 않은 식별자입니다.
C:\Users\philipkim00\Desktop\어소트락\C++\Project1\논리 연산자.c(91,23): error C2065: 'true': 선언되지 않은 식별자입니다.
C:\Users\philipkim00\Desktop\어소트락\C++\Project1\논리 연산자.c(92,7): error C2065: 'bool': 선언되지 않은 식별자입니다.
C:\Users\philipkim00\Desktop\어소트락\C++\Project1\논리 연산자.c(92,7): error C2146: 구문 오류: ';'이(가) 'IsTrue' 식별자 앞에 없습니다.
C:\Users\philipkim00\Desktop\어소트락\C++\Project1\논리 연산자.c(92,14): error C2065: 'IsTrue': 선언되지 않은 식별자입니다.
C:\Users\philipkim00\Desktop\어소트락\C++\Project1\논리 연산자.c(96,9): error C2065: 'IsTrue': 선언되지 않은 식별자입니다.
C:\Users\philipkim00\Desktop\어소트락\C++\Project1\논리 연산자.c(96,15): error C2065: 'true': 선언되지 않은 식별자입니다.
C:\Users\philipkim00\Desktop\어소트락\C++\Project1\논리 연산자.c(97,9): error C2065: 'IsTrue': 선언되지 않은 식별자입니다.
C:\Users\philipkim00\Desktop\어소트락\C++\Project1\논리 연산자.c(97,18): error C2065: 'IsTrue': 선언되지 않은 식별자입니다.
